<?xml version="1.0" encoding="UTF-8"?>
<testsuite xmlns:xsi="http://www.w3.org/2001/XMLSchema-instance" xsi:noNamespaceSchemaLocation="https://maven.apache.org/surefire/maven-surefire-plugin/xsd/surefire-test-report.xsd" version="3.0.1" name="es.upm.grise.profundizacion.file.FileTest" time="0.043" tests="15" errors="0" skipped="0" failures="0">
  <properties>
[...]
</properties>
  <testcase name="smokeTest" classname="es.upm.grise.profundizacion.file.FileTest" time="0.014"/>
  <testcase name="testIntegration_PropertyFileWorkflow" classname="es.upm.grise.profundizacion.file.FileTest" time="0.003"/>
  <testcase name="testAddProperty_ValidContent" classname="es.upm.grise.profundizacion.file.FileTest" time="0.001"/>
  <testcase name="testGetCRC32_EmptyContent" classname="es.upm.grise.profundizacion.file.FileTest" time="0.001"/>
  <testcase name="testAddProperty_MultipleAdditions" classname="es.upm.grise.profundizacion.file.FileTest" time="0.0"/>
  <testcase name="testAddProperty_NullContent" classname="es.upm.grise.profundizacion.file.FileTest" time="0.002"/>
  <testcase name="testAddProperty_EmptyArray" classname="es.upm.grise.profundizacion.file.FileTest" time="0.001"/>
  <testcase name="testSetType_Property" classname="es.upm.grise.profundizacion.file.FileTest" time="0.001"/>
  <testcase name="testGetCRC32_WithContent" classname="es.upm.grise.profundizacion.file.FileTest" time="0.0"/>
  <testcase name="testGetCRC32_ByteConversion" classname="es.upm.grise.profundizacion.file.FileTest" time="0.001"/>
  <testcase name="testAddProperty_ImageType" classname="es.upm.grise.profundizacion.file.FileTest" time="0.0"/>
  <testcase name="testSetType_Image" classname="es.upm.grise.profundizacion.file.FileTest" time="0.001"/>
  <testcase name="testConstructor_ContentIsEmpty" classname="es.upm.grise.profundizacion.file.FileTest" time="0.001"/>
  <testcase name="testConstructor_ContentNotNull" classname="es.upm.grise.profundizacion.file.FileTest" time="0.0"/>
  <testcase name="testGetCRC32_UTF8Range" classname="es.upm.grise.profundizacion.file.FileTest" time="0.001"/>
</testsuite>